<?xml version="1.0" encoding="UTF-8"?>
<!-- Generated by org.testng.reporters.JUnitXMLReporter -->
<testsuite hostname="Talha" ignored="0" name="amazon.FF.myacctlognsec" tests="4" failures="1" timestamp="01 May 2018 20:24:57 GMT" time="142.675" errors="0">
  <testcase name="validatePrimeMembershipLink" time="46.434" classname="com.auto.amazonmvn.framework.testcases.myAccount.MyAccountLinksVerificationCases"/>
  <testcase name="verifyMyHomePageIcon" time="33.998" classname="com.auto.amazonmvn.framework.testcases.myhomepage.MyHomePageCases"/>
  <testcase name="verifyMyHomePageTitle" time="22.961" classname="com.auto.amazonmvn.framework.testcases.myhomepage.MyHomePageCases"/>
  <testcase name="tc_editNameusingpoitodataread" time="22.878" classname="com.auto.amazonmvn.framework.testcases.myAccount.LoginnSecurityCases">
    <failure type="org.openqa.selenium.NoSuchElementException" message="Web element reference not seen before: 5804a065-d4a8-4502-a959-041cb288c293
For documentation on this error, please visit: http://seleniumhq.org/exceptions/no_such_element.html
Build info: version: &amp;apos;3.11.0&amp;apos;, revision: &amp;apos;e59cfb3&amp;apos;, time: &amp;apos;2018-03-11T20:26:55.152Z&amp;apos;
System info: host: &amp;apos;TALHA&amp;apos;, ip: &amp;apos;192.168.17.1&amp;apos;, os.name: &amp;apos;Windows 8.1&amp;apos;, os.arch: &amp;apos;amd64&amp;apos;, os.version: &amp;apos;6.3&amp;apos;, java.version: &amp;apos;1.8.0_131&amp;apos;
Driver info: org.openqa.selenium.firefox.FirefoxDriver
Capabilities {acceptInsecureCerts: true, browserName: firefox, browserVersion: 59.0.2, javascriptEnabled: true, moz:accessibilityChecks: false, moz:headless: false, moz:processID: 5548, moz:profile: C:\Users\MTK\AppData\Local\..., moz:useNonSpecCompliantPointerOrigin: false, moz:webdriverClick: true, pageLoadStrategy: normal, platform: XP, platformName: XP, platformVersion: 6.3, rotatable: false, timeouts: {implicit: 0, pageLoad: 300000, script: 30000}}
Session ID: 491aeeae-3e3d-49f3-94a6-c9132e437a02">
      <![CDATA[org.openqa.selenium.NoSuchElementException: Web element reference not seen before: 5804a065-d4a8-4502-a959-041cb288c293
For documentation on this error, please visit: http://seleniumhq.org/exceptions/no_such_element.html
Build info: version: '3.11.0', revision: 'e59cfb3', time: '2018-03-11T20:26:55.152Z'
System info: host: 'TALHA', ip: '192.168.17.1', os.name: 'Windows 8.1', os.arch: 'amd64', os.version: '6.3', java.version: '1.8.0_131'
Driver info: org.openqa.selenium.firefox.FirefoxDriver
Capabilities {acceptInsecureCerts: true, browserName: firefox, browserVersion: 59.0.2, javascriptEnabled: true, moz:accessibilityChecks: false, moz:headless: false, moz:processID: 5548, moz:profile: C:\Users\MTK\AppData\Local\..., moz:useNonSpecCompliantPointerOrigin: false, moz:webdriverClick: true, pageLoadStrategy: normal, platform: XP, platformName: XP, platformVersion: 6.3, rotatable: false, timeouts: {implicit: 0, pageLoad: 300000, script: 30000}}
Session ID: 491aeeae-3e3d-49f3-94a6-c9132e437a02
at org.openqa.selenium.remote.http.W3CHttpResponseCodec.createException(W3CHttpResponseCodec.java:187)
at org.openqa.selenium.remote.http.W3CHttpResponseCodec.decode(W3CHttpResponseCodec.java:122)
at org.openqa.selenium.remote.http.W3CHttpResponseCodec.decode(W3CHttpResponseCodec.java:49)
at org.openqa.selenium.remote.HttpCommandExecutor.execute(HttpCommandExecutor.java:158)
at org.openqa.selenium.remote.service.DriverCommandExecutor.execute(DriverCommandExecutor.java:83)
at org.openqa.selenium.remote.RemoteWebDriver.execute(RemoteWebDriver.java:545)
at org.openqa.selenium.remote.RemoteWebDriver.executeScript(RemoteWebDriver.java:482)
at com.auto.amazonmvn.framework.util.WebUtil$JSUtil.jsClick(WebUtil.java:404)
at com.auto.amazonmvn.framework.pages.functions.home.myhome.MyHomePage.navigateToMyAccountPage(MyHomePage.java:47)
at com.auto.amazonmvn.framework.testcases.myAccount.LoginnSecurityCases.navigationToLoginnSecurityPage(LoginnSecurityCases.java:38)
at com.auto.amazonmvn.framework.testcases.myAccount.LoginnSecurityCases.tc_editNameusingpoitodataread(LoginnSecurityCases.java:66)
at java.util.concurrent.FutureTask.run(Unknown Source)
at java.util.concurrent.ThreadPoolExecutor.runWorker(Unknown Source)
at java.util.concurrent.ThreadPoolExecutor$Worker.run(Unknown Source)
at java.lang.Thread.run(Unknown Source)
... Removed 20 stack frames]]>
    </failure>
  </testcase> <!-- tc_editNameusingpoitodataread -->
</testsuite> <!-- amazon.FF.myacctlognsec -->
